<?xml version="1.0" encoding="UTF-8"?>
<!-- Generated by org.testng.reporters.JUnitReportReporter -->
<testsuite hostname="LAPTOP-EELAABPC" failures="0" tests="1" name="TestNg.Test_TestNg" time="0.008" errors="0" timestamp="2022-10-01T18:16:21 IST" skipped="0">
  <testcase classname="TestNg.Test_TestNg" name="test" time="0.008"/>
  <system-out/>
</testsuite> <!-- TestNg.Test_TestNg -->
