<?xml version="1.0" encoding="UTF-8"?>
<!-- Generated by org.testng.reporters.JUnitReportReporter -->
<testsuite hostname="LAPTOP-EELAABPC" failures="0" tests="3" name="TestNg_Twitter.Twitter1" time="73.174" errors="0" timestamp="2022-10-09T11:16:06 IST" skipped="0">
  <testcase classname="TestNg_Twitter.Twitter1" name="HomeGIF" time="22.872"/>
  <system-out/>
  <testcase classname="TestNg_Twitter.Twitter1" name="HomeAddPoll" time="24.604"/>
  <system-out/>
  <testcase classname="TestNg_Twitter.Twitter1" name="HomeScheduleTweet" time="25.698"/>
  <system-out/>
</testsuite> <!-- TestNg_Twitter.Twitter1 -->
