<?xml version="1.0" encoding="UTF-8"?>
<!-- Generated by org.testng.reporters.JUnitReportReporter -->
<testsuite hostname="LAPTOP-EELAABPC" failures="0" tests="1" name="TestNg_Twitter.Twitter_4_messages" time="31.911" errors="0" timestamp="2022-10-13T11:18:35 IST" skipped="0">
  <testcase classname="TestNg_Twitter.Twitter_4_messages" name="Messages" time="31.911"/>
  <system-out/>
</testsuite> <!-- TestNg_Twitter.Twitter_4_messages -->
