<?xml version="1.0" encoding="UTF-8"?>
<!-- Generated by org.testng.reporters.JUnitReportReporter -->
<testsuite hostname="LAPTOP-EELAABPC" failures="0" tests="1" name="Test_Maven.TestNg_Flipcart" time="20.560" errors="0" timestamp="2022-10-08T10:28:34 IST" skipped="0">
  <testcase classname="Test_Maven.TestNg_Flipcart" name="test" time="20.560"/>
  <system-out/>
</testsuite> <!-- Test_Maven.TestNg_Flipcart -->
