<?xml version="1.0" encoding="UTF-8"?>
<!-- Generated by org.testng.reporters.JUnitReportReporter -->
<testsuite hostname="LAPTOP-EELAABPC" failures="0" tests="1" name="Testing.TestNG2" time="0.001" errors="0" timestamp="2022-10-09T11:11:38 IST" skipped="0">
  <testcase classname="Testing.TestNG2" name="testB" time="0.001"/>
  <system-out/>
</testsuite> <!-- Testing.TestNG2 -->
